#
# A fatal error has been detected by the Java Runtime Environment:
#
#  SIGSEGV (0xb) at pc=0x00007f75b94743cf, pid=4505, tid=140143999895296
#
# JRE version: Java(TM) SE Runtime Environment (8.0_60-b27) (build 1.8.0_60-b27)
# Java VM: Java HotSpot(TM) 64-Bit Server VM (25.60-b23 mixed mode linux-amd64 compressed oops)
# Problematic frame:
# J 1444 C1 com.android.dx.dex.code.OutputFinisher.getAllConstants()Ljava/util/HashSet; (47 bytes) @ 0x00007f75b94743cf [0x00007f75b94741e0+0x1ef]
#
# Failed to write core dump. Core dumps have been disabled. To enable core dumping, try "ulimit -c unlimited" before starting Java again
#
# If you would like to submit a bug report, please visit:
#   http://bugreport.java.com/bugreport/crash.jsp
#

---------------  T H R E A D  ---------------

Current thread (0x00007f75c800a000):  JavaThread "main" [_thread_in_Java, id=4512, stack(0x00007f75d144c000,0x00007f75d154d000)]

siginfo: si_signo: 11 (SIGSEGV), si_code: 1 (SEGV_MAPERR), si_addr: 0x0000000000000030

Registers:
RAX=0x00000000c0cc6668, RBX=0x000000010008c790, RCX=0x0000000000000000, RDX=0x0000000000000001
RSP=0x00007f75d154b3c0, RBP=0x00007f75d154b588, RSI=0x00000000eca52d58, RDI=0x0000000000000000
R8 =0x000000000000000c, R9 =0x00000000c0785c80, R10=0x00000000c0cc6668, R11=0x000000000000000d
R12=0x0000000000000000, R13=0x0000000000000128, R14=0x0000000000012839, R15=0x00007f75c800a000
RIP=0x00007f75b94743cf, EFLAGS=0x0000000000010246, CSGSFS=0x0000000000000033, ERR=0x0000000000000004
  TRAPNO=0x000000000000000e

Top of Stack: (sp=0x00007f75d154b3c0)
0x00007f75d154b3c0:   0000000100069888 00007f75cd3b50a0
0x00007f75d154b3d0:   00007f75d154b588 00007f75b947c110
0x00007f75d154b3e0:   00007f75d154b588 00007f75b9474b2c
0x00007f75d154b3f0:   00007f75cd3d1b20 00000000eca3f1e0
0x00007f75d154b400:   00007f75d154b430 00007f75d154b430
0x00007f75d154b410:   00007f75d154b588 00007f75b947d804
0x00007f75d154b420:   0000000000000009 000000010005d850
0x00007f75d154b430:   00007f75d154b588 00007f75b94708a4
0x00007f75d154b440:   00000000eca52d28 00000000eca52d18
0x00007f75d154b450:   00000000c0785c40 00000000eca52d58
0x00007f75d154b460:   0000000000000000 00000000eab79f28
0x00007f75d154b470:   00007f75d154b588 00007f75b94766e4
0x00007f75d154b480:   00007f75d154b4c0 00007f75cd64e1c8
0x00007f75d154b490:   0000000000000000 00007f75cd64deb8
0x00007f75d154b4a0:   00007f75d154b508 00007f75b9007465
0x00007f75d154b4b0:   00007f75b9007c4d 00007f75b9007465
0x00007f75d154b4c0:   00000000eca163f8 00007f75d154b4c8
0x00007f75d154b4d0:   00007f75cd650ca8 00007f75d154b540
0x00007f75d154b4e0:   00000000eca52ce8 00000000c0785be0
0x00007f75d154b4f0:   00000000c0271498 00000000c0209bb8
0x00007f75d154b500:   00000000eda81380 00000000eca38088
0x00007f75d154b510:   00000000eca52af8 00000000c0aca888
0x00007f75d154b520:   00007f75d154b588 00007f75b9007c4d
0x00007f75d154b530:   00007f75b9007c4d 00000000eda81380
0x00007f75d154b540:   00000000c0785be0 00007f75d154b548
0x00007f75d154b550:   00007f75cd4db434 00007f75d154b5b8
0x00007f75d154b560:   00007f75cd4e35b8 0000000000000000
0x00007f75d154b570:   00007f75cd4db490 00007f75d154b538
0x00007f75d154b580:   00007f75d154b5b8 00007f75d154b600
0x00007f75d154b590:   00007f75b9007c4d 00000000c0785be0
0x00007f75d154b5a0:   000000000000055a 0000000000000324
0x00007f75d154b5b0:   00000000eda81380 00000000c0202240 

Instructions: (pc=0x00007f75b94743cf)
0x00007f75b94743af:   e8 8c e8 d5 ff 48 83 f8 00 0f 84 20 00 00 00 48
0x00007f75b94743bf:   bb 90 c7 08 00 01 00 00 00 8b 78 08 48 c1 e7 03
0x00007f75b94743cf:   48 3b 5f 30 0f 85 c0 00 00 00 e9 00 00 00 00 48
0x00007f75b94743df:   8b d0 48 8b b4 24 88 00 00 00 90 90 90 90 90 90 

Register to memory mapping:

RAX=
[error occurred during error reporting (printing register info), id 0xb]

Stack: [0x00007f75d144c000,0x00007f75d154d000],  sp=0x00007f75d154b3c0,  free space=1020k
Native frames: (J=compiled Java code, j=interpreted, Vv=VM code, C=native code)
J 1444 C1 com.android.dx.dex.code.OutputFinisher.getAllConstants()Ljava/util/HashSet; (47 bytes) @ 0x00007f75b94743cf [0x00007f75b94741e0+0x1ef]
J 1447 C1 com.android.dx.dex.file.CodeItem.addContents(Lcom/android/dx/dex/file/DexFile;)V (174 bytes) @ 0x00007f75b94766e4 [0x00007f75b9476340+0x3a4]
j  com.android.dx.dex.file.MixedItemSection.prepare0()V+44
j  com.android.dx.dex.file.Section.prepare()V+5
j  com.android.dx.dex.file.DexFile.toDex0(ZZ)Lcom/android/dx/util/ByteArrayAnnotatedOutput;+18
j  com.android.dx.dex.file.DexFile.toDex(Ljava/io/Writer;Z)[B+13
j  com.android.dx.command.dexer.Main.writeDex(Lcom/android/dx/dex/file/DexFile;)[B+44
j  com.android.dx.command.dexer.Main.runMonoDex()I+106
j  com.android.dx.command.dexer.Main.run(Lcom/android/dx/command/dexer/Main$Arguments;)I+76
j  com.android.dx.command.dexer.Main.main([Ljava/lang/String;)V+14
j  com.android.dx.command.Main.main([Ljava/lang/String;)V+61
v  ~StubRoutines::call_stub
V  [libjvm.so+0x68bbe6]  JavaCalls::call_helper(JavaValue*, methodHandle*, JavaCallArguments*, Thread*)+0x1056
V  [libjvm.so+0x6cd182]  jni_invoke_static(JNIEnv_*, JavaValue*, _jobject*, JNICallType, _jmethodID*, JNI_ArgumentPusher*, Thread*)+0x362
V  [libjvm.so+0x6e9b8a]  jni_CallStaticVoidMethod+0x17a
C  [libjli.so+0x7bcc]  JavaMain+0x80c
C  [libpthread.so.0+0x8182]  start_thread+0xc2


---------------  P R O C E S S  ---------------

Java Threads: ( => current thread )
  0x00007f75c80c3000 JavaThread "Service Thread" daemon [_thread_blocked, id=4557, stack(0x00007f75b832c000,0x00007f75b842d000)]
  0x00007f75c80be000 JavaThread "C1 CompilerThread2" daemon [_thread_blocked, id=4556, stack(0x00007f75b842d000,0x00007f75b852e000)]
  0x00007f75c80bc000 JavaThread "C2 CompilerThread1" daemon [_thread_in_native, id=4554, stack(0x00007f75b852e000,0x00007f75b862f000)]
  0x00007f75c80b9000 JavaThread "C2 CompilerThread0" daemon [_thread_in_native, id=4553, stack(0x00007f75b862f000,0x00007f75b8730000)]
  0x00007f75c80b7800 JavaThread "Signal Dispatcher" daemon [_thread_blocked, id=4552, stack(0x00007f75b8730000,0x00007f75b8831000)]
  0x00007f75c807f000 JavaThread "Finalizer" daemon [_thread_blocked, id=4540, stack(0x00007f75b8afb000,0x00007f75b8bfc000)]
  0x00007f75c807d000 JavaThread "Reference Handler" daemon [_thread_blocked, id=4539, stack(0x00007f75b8bfc000,0x00007f75b8cfd000)]
=>0x00007f75c800a000 JavaThread "main" [_thread_in_Java, id=4512, stack(0x00007f75d144c000,0x00007f75d154d000)]

Other Threads:
  0x00007f75c8078000 VMThread [stack: 0x00007f75b8cfd000,0x00007f75b8dfe000] [id=4538]
  0x00007f75c80c5800 WatcherThread [stack: 0x00007f75b822b000,0x00007f75b832c000] [id=4558]

VM state:not at safepoint (normal execution)

VM Mutex/Monitor currently owned by a thread: None

Heap:
 PSYoungGen      total 51712K, used 35957K [0x00000000eab00000, 0x00000000f1000000, 0x0000000100000000)
  eden space 48128K, 67% used [0x00000000eab00000,0x00000000eca9e2b0,0x00000000eda00000)
  from space 3584K, 99% used [0x00000000eda00000,0x00000000edd7f250,0x00000000edd80000)
  to   space 3584K, 0% used [0x00000000f0c80000,0x00000000f0c80000,0x00000000f1000000)
 ParOldGen       total 62976K, used 11918K [0x00000000c0000000, 0x00000000c3d80000, 0x00000000eab00000)
  object space 62976K, 18% used [0x00000000c0000000,0x00000000c0ba3a38,0x00000000c3d80000)
 Metaspace       used 5957K, capacity 6896K, committed 7040K, reserved 1056768K
  class space    used 597K, capacity 616K, committed 640K, reserved 1048576K

Card table byte_map: [0x00007f75ce01a000,0x00007f75ce21b000] byte_map_base: 0x00007f75cda1a000

Marking Bits: (ParMarkBitMap*) 0x00007f75d0929de0
 Begin Bits: [0x00007f75b2000000, 0x00007f75b3000000)
 End Bits:   [0x00007f75b3000000, 0x00007f75b4000000)

Polling page: 0x00007f75d1571000

CodeCache: size=245760Kb used=4580Kb max_used=4580Kb free=241180Kb
 bounds [0x00007f75b9000000, 0x00007f75b9480000, 0x00007f75c8000000]
 total_blobs=1515 nmethods=1247 adapters=182
 compilation: enabled

Compilation events (10 events):
Event: 5,045 Thread 0x00007f75c80be000 1457       3       java.util.HashMap$HashIterator::nextNode (100 bytes)
Event: 5,046 Thread 0x00007f75c80be000 nmethod 1457 0x00007f75b947bc10 code [0x00007f75b947bdc0, 0x00007f75b947c298]
Event: 5,046 Thread 0x00007f75c80be000 1458 %     3       com.android.dx.dex.code.OutputFinisher::getAllConstants @ 18 (47 bytes)
Event: 5,048 Thread 0x00007f75c80be000 nmethod 1458% 0x00007f75b947c4d0 code [0x00007f75b947c700, 0x00007f75b947d118]
Event: 5,048 Thread 0x00007f75c80be000 1459       2       com.android.dx.dex.file.DebugInfoItem::<init> (36 bytes)
Event: 5,049 Thread 0x00007f75c80be000 nmethod 1459 0x00007f75b947d610 code [0x00007f75b947d780, 0x00007f75b947d9f8]
Event: 5,049 Thread 0x00007f75c80be000 1460       1       com.android.dx.rop.code.ThrowingInsn::getCatches (5 bytes)
Event: 5,049 Thread 0x00007f75c80be000 nmethod 1460 0x00007f75b947db10 code [0x00007f75b947dc60, 0x00007f75b947dd70]
Event: 5,065 Thread 0x00007f75c80be000 1461       2       com.android.dx.rop.cst.CstType::<init> (46 bytes)
Event: 5,065 Thread 0x00007f75c80be000 nmethod 1461 0x00007f75b947ddd0 code [0x00007f75b947df60, 0x00007f75b947e258]

GC Heap History (6 events):
Event: 2,215 GC heap before
{Heap before GC invocations=1 (full 0):
 PSYoungGen      total 27648K, used 24064K [0x00000000eab00000, 0x00000000ec980000, 0x0000000100000000)
  eden space 24064K, 100% used [0x00000000eab00000,0x00000000ec280000,0x00000000ec280000)
  from space 3584K, 0% used [0x00000000ec600000,0x00000000ec600000,0x00000000ec980000)
  to   space 3584K, 0% used [0x00000000ec280000,0x00000000ec280000,0x00000000ec600000)
 ParOldGen       total 62976K, used 0K [0x00000000c0000000, 0x00000000c3d80000, 0x00000000eab00000)
  object space 62976K, 0% used [0x00000000c0000000,0x00000000c0000000,0x00000000c3d80000)
 Metaspace       used 5669K, capacity 6704K, committed 6784K, reserved 1056768K
  class space    used 588K, capacity 616K, committed 640K, reserved 1048576K
Event: 2,238 GC heap after
Heap after GC invocations=1 (full 0):
 PSYoungGen      total 27648K, used 3562K [0x00000000eab00000, 0x00000000ee100000, 0x0000000100000000)
  eden space 24064K, 0% used [0x00000000eab00000,0x00000000eab00000,0x00000000ec280000)
  from space 3584K, 99% used [0x00000000ec280000,0x00000000ec5faac8,0x00000000ec600000)
  to   space 3584K, 0% used [0x00000000edd80000,0x00000000edd80000,0x00000000ee100000)
 ParOldGen       total 62976K, used 1371K [0x00000000c0000000, 0x00000000c3d80000, 0x00000000eab00000)
  object space 62976K, 2% used [0x00000000c0000000,0x00000000c0156f20,0x00000000c3d80000)
 Metaspace       used 5669K, capacity 6704K, committed 6784K, reserved 1056768K
  class space    used 588K, capacity 616K, committed 640K, reserved 1048576K
}
Event: 3,120 GC heap before
{Heap before GC invocations=2 (full 0):
 PSYoungGen      total 27648K, used 27626K [0x00000000eab00000, 0x00000000ee100000, 0x0000000100000000)
  eden space 24064K, 100% used [0x00000000eab00000,0x00000000ec280000,0x00000000ec280000)
  from space 3584K, 99% used [0x00000000ec280000,0x00000000ec5faac8,0x00000000ec600000)
  to   space 3584K, 0% used [0x00000000edd80000,0x00000000edd80000,0x00000000ee100000)
 ParOldGen       total 62976K, used 1371K [0x00000000c0000000, 0x00000000c3d80000, 0x00000000eab00000)
  object space 62976K, 2% used [0x00000000c0000000,0x00000000c0156f20,0x00000000c3d80000)
 Metaspace       used 5753K, capacity 6768K, committed 7040K, reserved 1056768K
  class space    used 592K, capacity 616K, committed 640K, reserved 1048576K
Event: 3,165 GC heap after
Heap after GC invocations=2 (full 0):
 PSYoungGen      total 51712K, used 3552K [0x00000000eab00000, 0x00000000ee100000, 0x0000000100000000)
  eden space 48128K, 0% used [0x00000000eab00000,0x00000000eab00000,0x00000000eda00000)
  from space 3584K, 99% used [0x00000000edd80000,0x00000000ee0f8060,0x00000000ee100000)
  to   space 3584K, 0% used [0x00000000eda00000,0x00000000eda00000,0x00000000edd80000)
 ParOldGen       total 62976K, used 5238K [0x00000000c0000000, 0x00000000c3d80000, 0x00000000eab00000)
  object space 62976K, 8% used [0x00000000c0000000,0x00000000c051da48,0x00000000c3d80000)
 Metaspace       used 5753K, capacity 6768K, committed 7040K, reserved 1056768K
  class space    used 592K, capacity 616K, committed 640K, reserved 1048576K
}
Event: 3,962 GC heap before
{Heap before GC invocations=3 (full 0):
 PSYoungGen      total 51712K, used 51680K [0x00000000eab00000, 0x00000000ee100000, 0x0000000100000000)
  eden space 48128K, 100% used [0x00000000eab00000,0x00000000eda00000,0x00000000eda00000)
  from space 3584K, 99% used [0x00000000edd80000,0x00000000ee0f8060,0x00000000ee100000)
  to   space 3584K, 0% used [0x00000000eda00000,0x00000000eda00000,0x00000000edd80000)
 ParOldGen       total 62976K, used 5238K [0x00000000c0000000, 0x00000000c3d80000, 0x00000000eab00000)
  object space 62976K, 8% used [0x00000000c0000000,0x00000000c051da48,0x00000000c3d80000)
 Metaspace       used 5799K, capacity 6832K, committed 7040K, reserved 1056768K
  class space    used 592K, capacity 616K, committed 640K, reserved 1048576K
Event: 4,055 GC heap after
Heap after GC invocations=3 (full 0):
 PSYoungGen      total 51712K, used 3580K [0x00000000eab00000, 0x00000000f1000000, 0x0000000100000000)
  eden space 48128K, 0% used [0x00000000eab00000,0x00000000eab00000,0x00000000eda00000)
  from space 3584K, 99% used [0x00000000eda00000,0x00000000edd7f250,0x00000000edd80000)
  to   space 3584K, 0% used [0x00000000f0c80000,0x00000000f0c80000,0x00000000f1000000)
 ParOldGen       total 62976K, used 11918K [0x00000000c0000000, 0x00000000c3d80000, 0x00000000eab00000)
  object space 62976K, 18% used [0x00000000c0000000,0x00000000c0ba3a38,0x00000000c3d80000)
 Metaspace       used 5799K, capacity 6832K, committed 7040K, reserved 1056768K
  class space    used 592K, capacity 616K, committed 640K, reserved 1048576K
}

Deoptimization events (10 events):
Event: 3,010 Thread 0x00007f75c8136000 Uncommon trap: reason=bimorphic action=maybe_recompile pc=0x00007f75b91eaf80 method=java.util.HashMap.getNode(ILjava/lang/Object;)Ljava/util/HashMap$Node; @ 126
Event: 3,010 Thread 0x00007f75c8136000 Uncommon trap: reason=bimorphic action=maybe_recompile pc=0x00007f75b91eaf80 method=java.util.HashMap.getNode(ILjava/lang/Object;)Ljava/util/HashMap$Node; @ 126
Event: 3,017 Thread 0x00007f75c8147000 Uncommon trap: reason=unstable_if action=reinterpret pc=0x00007f75b92c6010 method=com.android.dx.rop.code.RegisterSpecSet.put(Lcom/android/dx/rop/code/RegisterSpec;)V @ 77
Event: 3,194 Thread 0x00007f75c8136000 Uncommon trap: reason=bimorphic action=maybe_recompile pc=0x00007f75b91eaf80 method=java.util.HashMap.getNode(ILjava/lang/Object;)Ljava/util/HashMap$Node; @ 126
Event: 3,579 Thread 0x00007f75c8136000 Uncommon trap: reason=null_check action=make_not_entrant pc=0x00007f75b92ce0b0 method=com.android.dx.ssa.SsaRenamer.getLocalForNewReg(I)Lcom/android/dx/rop/code/LocalItem; @ 19
Event: 4,090 Thread 0x00007f75c8136000 Uncommon trap: reason=null_check action=make_not_entrant pc=0x00007f75b9265aec method=com.android.dx.ssa.SsaRenamer.getLocalForNewReg(I)Lcom/android/dx/rop/code/LocalItem; @ 19
Event: 4,780 Thread 0x00007f75c800a000 Uncommon trap: reason=class_check action=maybe_recompile pc=0x00007f75b9378768 method=java.util.Arrays.hashCode([Ljava/lang/Object;)I @ 43
Event: 4,780 Thread 0x00007f75c800a000 Uncommon trap: reason=class_check action=maybe_recompile pc=0x00007f75b9378768 method=java.util.Arrays.hashCode([Ljava/lang/Object;)I @ 43
Event: 4,780 Thread 0x00007f75c800a000 Uncommon trap: reason=class_check action=maybe_recompile pc=0x00007f75b9378768 method=java.util.Arrays.hashCode([Ljava/lang/Object;)I @ 43
Event: 4,780 Thread 0x00007f75c800a000 Uncommon trap: reason=class_check action=maybe_recompile pc=0x00007f75b9378768 method=java.util.Arrays.hashCode([Ljava/lang/Object;)I @ 43

Internal exceptions (5 events):
Event: 0,117 Thread 0x00007f75c800a000 Exception <a 'java/lang/NoSuchMethodError': Method sun.misc.Unsafe.defineClass(Ljava/lang/String;[BII)Ljava/lang/Class; name or signature does not match> (0x00000000eab12b98) thrown at [/HUDSON/workspace/8-2-build-linux-amd64/jdk8u60/4407/hotspot/src/shar
Event: 0,117 Thread 0x00007f75c800a000 Exception <a 'java/lang/NoSuchMethodError': Method sun.misc.Unsafe.prefetchRead(Ljava/lang/Object;J)V name or signature does not match> (0x00000000eab12e80) thrown at [/HUDSON/workspace/8-2-build-linux-amd64/jdk8u60/4407/hotspot/src/share/vm/prims/jni.cpp
Event: 3,579 Thread 0x00007f75c8136000 Implicit null exception at 0x00007f75b92cba51 to 0x00007f75b92ce069
Event: 4,090 Thread 0x00007f75c8136000 Implicit null exception at 0x00007f75b9262f45 to 0x00007f75b9265ac9
Event: 5,076 Thread 0x00007f75c800a000 Implicit null exception at 0x00007f75b94743cf to 0x0000000000000000

Events (10 events):
Event: 4,780 Thread 0x00007f75c800a000 Uncommon trap: trap_request=0xffffffde fr.pc=0x00007f75b9378768
Event: 4,780 Thread 0x00007f75c800a000 DEOPT PACKING pc=0x00007f75b9378768 sp=0x00007f75d154b290
Event: 4,780 Thread 0x00007f75c800a000 DEOPT UNPACKING pc=0x00007f75b9005229 sp=0x00007f75d154b230 mode 2
Event: 4,780 Thread 0x00007f75c800a000 Uncommon trap: trap_request=0xffffffde fr.pc=0x00007f75b9378768
Event: 4,780 Thread 0x00007f75c800a000 DEOPT PACKING pc=0x00007f75b9378768 sp=0x00007f75d154b240
Event: 4,780 Thread 0x00007f75c800a000 DEOPT UNPACKING pc=0x00007f75b9005229 sp=0x00007f75d154b1e0 mode 2
Event: 4,788 loading class com/android/dx/rop/cst/Zeroes
Event: 4,788 loading class com/android/dx/rop/cst/Zeroes done
Event: 4,989 loading class com/android/dx/dex/file/CatchStructs
Event: 4,989 loading class com/android/dx/dex/file/CatchStructs done


Dynamic libraries:
00400000-00401000 r-xp 00000000 08:08 525924                             /opt/java/jdk1.8.0_60/bin/java
00600000-00601000 rw-p 00000000 08:08 525924                             /opt/java/jdk1.8.0_60/bin/java
01d33000-01d54000 rw-p 00000000 00:00 0                                  [heap]
c0000000-c3d80000 rw-p 00000000 00:00 0 
c3d80000-eab00000 ---p 00000000 00:00 0 
eab00000-f1000000 rw-p 00000000 00:00 0 
f1000000-100000000 ---p 00000000 00:00 0 
100000000-1000a0000 rw-p 00000000 00:00 0 
1000a0000-140000000 ---p 00000000 00:00 0 
7f7564000000-7f7564021000 rw-p 00000000 00:00 0 
7f7564021000-7f7568000000 ---p 00000000 00:00 0 
7f756c000000-7f756c021000 rw-p 00000000 00:00 0 
7f756c021000-7f7570000000 ---p 00000000 00:00 0 
7f7570000000-7f757003d000 rw-p 00000000 00:00 0 
7f757003d000-7f7574000000 ---p 00000000 00:00 0 
7f7574000000-7f757403f000 rw-p 00000000 00:00 0 
7f757403f000-7f7578000000 ---p 00000000 00:00 0 
7f7578000000-7f7578021000 rw-p 00000000 00:00 0 
7f7578021000-7f757c000000 ---p 00000000 00:00 0 
7f757c000000-7f757c021000 rw-p 00000000 00:00 0 
7f757c021000-7f7580000000 ---p 00000000 00:00 0 
7f7580000000-7f7580021000 rw-p 00000000 00:00 0 
7f7580021000-7f7584000000 ---p 00000000 00:00 0 
7f7584000000-7f7584882000 rw-p 00000000 00:00 0 
7f7584882000-7f7588000000 ---p 00000000 00:00 0 
7f7588000000-7f7588880000 rw-p 00000000 00:00 0 
7f7588880000-7f758c000000 ---p 00000000 00:00 0 
7f758c000000-7f758c021000 rw-p 00000000 00:00 0 
7f758c021000-7f7590000000 ---p 00000000 00:00 0 
7f7590000000-7f759081d000 rw-p 00000000 00:00 0 
7f759081d000-7f7594000000 ---p 00000000 00:00 0 
7f7594000000-7f7594021000 rw-p 00000000 00:00 0 
7f7594021000-7f7598000000 ---p 00000000 00:00 0 
7f7598000000-7f7598021000 rw-p 00000000 00:00 0 
7f7598021000-7f759c000000 ---p 00000000 00:00 0 
7f759c000000-7f759c021000 rw-p 00000000 00:00 0 
7f759c021000-7f75a0000000 ---p 00000000 00:00 0 
7f75a0000000-7f75a0021000 rw-p 00000000 00:00 0 
7f75a0021000-7f75a4000000 ---p 00000000 00:00 0 
7f75a4000000-7f75a4021000 rw-p 00000000 00:00 0 
7f75a4021000-7f75a8000000 ---p 00000000 00:00 0 
7f75ac000000-7f75ac021000 rw-p 00000000 00:00 0 
7f75ac021000-7f75b0000000 ---p 00000000 00:00 0 
7f75b1cfd000-7f75b1d00000 ---p 00000000 00:00 0 
7f75b1d00000-7f75b1dfe000 rw-p 00000000 00:00 0 
7f75b1dfe000-7f75b1e01000 ---p 00000000 00:00 0 
7f75b1e01000-7f75b1eff000 rw-p 00000000 00:00 0 
7f75b1eff000-7f75b1f02000 ---p 00000000 00:00 0 
7f75b1f02000-7f75b4000000 rw-p 00000000 00:00 0 
7f75b4000000-7f75b4021000 rw-p 00000000 00:00 0 
7f75b4021000-7f75b8000000 ---p 00000000 00:00 0 
7f75b8029000-7f75b802c000 ---p 00000000 00:00 0 
7f75b802c000-7f75b812a000 rw-p 00000000 00:00 0 
7f75b812a000-7f75b812d000 ---p 00000000 00:00 0 
7f75b812d000-7f75b822b000 rw-p 00000000 00:00 0 
7f75b822b000-7f75b822c000 ---p 00000000 00:00 0 
7f75b822c000-7f75b832c000 rw-p 00000000 00:00 0                          [stack:4558]
7f75b832c000-7f75b832f000 ---p 00000000 00:00 0 
7f75b832f000-7f75b842d000 rw-p 00000000 00:00 0                          [stack:4557]
7f75b842d000-7f75b8430000 ---p 00000000 00:00 0 
7f75b8430000-7f75b852e000 rw-p 00000000 00:00 0                          [stack:4556]
7f75b852e000-7f75b8531000 ---p 00000000 00:00 0 
7f75b8531000-7f75b862f000 rw-p 00000000 00:00 0                          [stack:4554]
7f75b862f000-7f75b8632000 ---p 00000000 00:00 0 
7f75b8632000-7f75b8730000 rw-p 00000000 00:00 0                          [stack:4553]
7f75b8730000-7f75b8733000 ---p 00000000 00:00 0 
7f75b8733000-7f75b8831000 rw-p 00000000 00:00 0                          [stack:4552]
7f75b8831000-7f75b8afb000 r--p 00000000 08:08 1708154                    /usr/lib/locale/locale-archive
7f75b8afb000-7f75b8afe000 ---p 00000000 00:00 0 
7f75b8afe000-7f75b8bfc000 rw-p 00000000 00:00 0                          [stack:4540]
7f75b8bfc000-7f75b8bff000 ---p 00000000 00:00 0 
7f75b8bff000-7f75b8cfd000 rw-p 00000000 00:00 0                          [stack:4539]
7f75b8cfd000-7f75b8cfe000 ---p 00000000 00:00 0 
7f75b8cfe000-7f75b9000000 rw-p 00000000 00:00 0                          [stack:4538]
7f75b9000000-7f75b9480000 rwxp 00000000 00:00 0 
7f75b9480000-7f75c8000000 ---p 00000000 00:00 0 
7f75c8000000-7f75c8404000 rw-p 00000000 00:00 0 
7f75c8404000-7f75cc000000 ---p 00000000 00:00 0 
7f75cc0b1000-7f75cc0c0000 r--s 000df000 08:08 526615                     /home/ahmad/Sdk/build-tools/23.0.2/lib/dx.jar
7f75cc0c0000-7f75cce72000 rw-p 00000000 00:00 0 
7f75cce72000-7f75cd04a000 r--s 03d17000 08:08 525830                     /opt/java/jdk1.8.0_60/jre/lib/rt.jar
7f75cd04a000-7f75cd700000 rw-p 00000000 00:00 0 
7f75cd700000-7f75cd8c0000 ---p 00000000 00:00 0 
7f75cd8c0000-7f75cdac0000 rw-p 00000000 00:00 0 
7f75cdac0000-7f75cdac1000 ---p 00000000 00:00 0 
7f75cdac1000-7f75cdbc1000 rw-p 00000000 00:00 0                          [stack:4528]
7f75cdbc1000-7f75cdbc2000 ---p 00000000 00:00 0 
7f75cdbc2000-7f75cdcc2000 rw-p 00000000 00:00 0                          [stack:4527]
7f75cdcc2000-7f75cdcc3000 ---p 00000000 00:00 0 
7f75cdcc3000-7f75cddc3000 rw-p 00000000 00:00 0                          [stack:4526]
7f75cddc3000-7f75cddc4000 ---p 00000000 00:00 0 
7f75cddc4000-7f75cdee3000 rw-p 00000000 00:00 0                          [stack:4524]
7f75cdee3000-7f75ce01a000 ---p 00000000 00:00 0 
7f75ce01a000-7f75ce039000 rw-p 00000000 00:00 0 
7f75ce039000-7f75ce16f000 ---p 00000000 00:00 0 
7f75ce16f000-7f75ce1a2000 rw-p 00000000 00:00 0 
7f75ce1a2000-7f75ce21a000 ---p 00000000 00:00 0 
7f75ce21a000-7f75ce22d000 rw-p 00000000 00:00 0 
7f75ce22d000-7f75ce5db000 ---p 00000000 00:00 0 
7f75ce5db000-7f75ce5f5000 r-xp 00000000 08:08 525780                     /opt/java/jdk1.8.0_60/jre/lib/amd64/libzip.so
7f75ce5f5000-7f75ce7f5000 ---p 0001a000 08:08 525780                     /opt/java/jdk1.8.0_60/jre/lib/amd64/libzip.so
7f75ce7f5000-7f75ce7f6000 rw-p 0001a000 08:08 525780                     /opt/java/jdk1.8.0_60/jre/lib/amd64/libzip.so
7f75ce7f6000-7f75ce801000 r-xp 00000000 08:08 1047518                    /lib/x86_64-linux-gnu/libnss_files-2.19.so
7f75ce801000-7f75cea00000 ---p 0000b000 08:08 1047518                    /lib/x86_64-linux-gnu/libnss_files-2.19.so
7f75cea00000-7f75cea01000 r--p 0000a000 08:08 1047518                    /lib/x86_64-linux-gnu/libnss_files-2.19.so
7f75cea01000-7f75cea02000 rw-p 0000b000 08:08 1047518                    /lib/x86_64-linux-gnu/libnss_files-2.19.so
7f75cea02000-7f75cea0d000 r-xp 00000000 08:08 1047582                    /lib/x86_64-linux-gnu/libnss_nis-2.19.so
7f75cea0d000-7f75cec0c000 ---p 0000b000 08:08 1047582                    /lib/x86_64-linux-gnu/libnss_nis-2.19.so
7f75cec0c000-7f75cec0d000 r--p 0000a000 08:08 1047582                    /lib/x86_64-linux-gnu/libnss_nis-2.19.so
7f75cec0d000-7f75cec0e000 rw-p 0000b000 08:08 1047582                    /lib/x86_64-linux-gnu/libnss_nis-2.19.so
7f75cec0e000-7f75cec25000 r-xp 00000000 08:08 1047540                    /lib/x86_64-linux-gnu/libnsl-2.19.so
7f75cec25000-7f75cee24000 ---p 00017000 08:08 1047540                    /lib/x86_64-linux-gnu/libnsl-2.19.so
7f75cee24000-7f75cee25000 r--p 00016000 08:08 1047540                    /lib/x86_64-linux-gnu/libnsl-2.19.so
7f75cee25000-7f75cee26000 rw-p 00017000 08:08 1047540                    /lib/x86_64-linux-gnu/libnsl-2.19.so
7f75cee26000-7f75cee28000 rw-p 00000000 00:00 0 
7f75cee28000-7f75cee31000 r-xp 00000000 08:08 1047539                    /lib/x86_64-linux-gnu/libnss_compat-2.19.so
7f75cee31000-7f75cf030000 ---p 00009000 08:08 1047539                    /lib/x86_64-linux-gnu/libnss_compat-2.19.so
7f75cf030000-7f75cf031000 r--p 00008000 08:08 1047539                    /lib/x86_64-linux-gnu/libnss_compat-2.19.so
7f75cf031000-7f75cf032000 rw-p 00009000 08:08 1047539                    /lib/x86_64-linux-gnu/libnss_compat-2.19.so
7f75cf032000-7f75cf05c000 r-xp 00000000 08:08 525758                     /opt/java/jdk1.8.0_60/jre/lib/amd64/libjava.so
7f75cf05c000-7f75cf25c000 ---p 0002a000 08:08 525758                     /opt/java/jdk1.8.0_60/jre/lib/amd64/libjava.so
7f75cf25c000-7f75cf25e000 rw-p 0002a000 08:08 525758                     /opt/java/jdk1.8.0_60/jre/lib/amd64/libjava.so
7f75cf25e000-7f75cf26b000 r-xp 00000000 08:08 525774                     /opt/java/jdk1.8.0_60/jre/lib/amd64/libverify.so
7f75cf26b000-7f75cf46b000 ---p 0000d000 08:08 525774                     /opt/java/jdk1.8.0_60/jre/lib/amd64/libverify.so
7f75cf46b000-7f75cf46d000 rw-p 0000d000 08:08 525774                     /opt/java/jdk1.8.0_60/jre/lib/amd64/libverify.so
7f75cf46d000-7f75cf474000 r-xp 00000000 08:08 1047579                    /lib/x86_64-linux-gnu/librt-2.19.so
7f75cf474000-7f75cf673000 ---p 00007000 08:08 1047579                    /lib/x86_64-linux-gnu/librt-2.19.so
7f75cf673000-7f75cf674000 r--p 00006000 08:08 1047579                    /lib/x86_64-linux-gnu/librt-2.19.so
7f75cf674000-7f75cf675000 rw-p 00007000 08:08 1047579                    /lib/x86_64-linux-gnu/librt-2.19.so
7f75cf675000-7f75cf77a000 r-xp 00000000 08:08 1047517                    /lib/x86_64-linux-gnu/libm-2.19.so
7f75cf77a000-7f75cf979000 ---p 00105000 08:08 1047517                    /lib/x86_64-linux-gnu/libm-2.19.so
7f75cf979000-7f75cf97a000 r--p 00104000 08:08 1047517                    /lib/x86_64-linux-gnu/libm-2.19.so
7f75cf97a000-7f75cf97b000 rw-p 00105000 08:08 1047517                    /lib/x86_64-linux-gnu/libm-2.19.so
7f75cf97b000-7f75d0639000 r-xp 00000000 08:08 525796                     /opt/java/jdk1.8.0_60/jre/lib/amd64/server/libjvm.so
7f75d0639000-7f75d0838000 ---p 00cbe000 08:08 525796                     /opt/java/jdk1.8.0_60/jre/lib/amd64/server/libjvm.so
7f75d0838000-7f75d0910000 rw-p 00cbd000 08:08 525796                     /opt/java/jdk1.8.0_60/jre/lib/amd64/server/libjvm.so
7f75d0910000-7f75d0955000 rw-p 00000000 00:00 0 
7f75d0955000-7f75d0b10000 r-xp 00000000 08:08 1047568                    /lib/x86_64-linux-gnu/libc-2.19.so
7f75d0b10000-7f75d0d0f000 ---p 001bb000 08:08 1047568                    /lib/x86_64-linux-gnu/libc-2.19.so
7f75d0d0f000-7f75d0d13000 r--p 001ba000 08:08 1047568                    /lib/x86_64-linux-gnu/libc-2.19.so
7f75d0d13000-7f75d0d15000 rw-p 001be000 08:08 1047568                    /lib/x86_64-linux-gnu/libc-2.19.so
7f75d0d15000-7f75d0d1a000 rw-p 00000000 00:00 0 
7f75d0d1a000-7f75d0d1d000 r-xp 00000000 08:08 1047521                    /lib/x86_64-linux-gnu/libdl-2.19.so
7f75d0d1d000-7f75d0f1c000 ---p 00003000 08:08 1047521                    /lib/x86_64-linux-gnu/libdl-2.19.so
7f75d0f1c000-7f75d0f1d000 r--p 00002000 08:08 1047521                    /lib/x86_64-linux-gnu/libdl-2.19.so
7f75d0f1d000-7f75d0f1e000 rw-p 00003000 08:08 1047521                    /lib/x86_64-linux-gnu/libdl-2.19.so
7f75d0f1e000-7f75d0f33000 r-xp 00000000 08:08 524940                     /opt/java/jdk1.8.0_60/lib/amd64/jli/libjli.so
7f75d0f33000-7f75d1133000 ---p 00015000 08:08 524940                     /opt/java/jdk1.8.0_60/lib/amd64/jli/libjli.so
7f75d1133000-7f75d1134000 rw-p 00015000 08:08 524940                     /opt/java/jdk1.8.0_60/lib/amd64/jli/libjli.so
7f75d1134000-7f75d114d000 r-xp 00000000 08:08 1047569                    /lib/x86_64-linux-gnu/libpthread-2.19.so
7f75d114d000-7f75d134c000 ---p 00019000 08:08 1047569                    /lib/x86_64-linux-gnu/libpthread-2.19.so
7f75d134c000-7f75d134d000 r--p 00018000 08:08 1047569                    /lib/x86_64-linux-gnu/libpthread-2.19.so
7f75d134d000-7f75d134e000 rw-p 00019000 08:08 1047569                    /lib/x86_64-linux-gnu/libpthread-2.19.so
7f75d134e000-7f75d1352000 rw-p 00000000 00:00 0 
7f75d1352000-7f75d1375000 r-xp 00000000 08:08 1047544                    /lib/x86_64-linux-gnu/ld-2.19.so
7f75d137a000-7f75d144c000 rw-p 00000000 00:00 0 
7f75d144c000-7f75d144f000 ---p 00000000 00:00 0 
7f75d144f000-7f75d1552000 rw-p 00000000 00:00 0                          [stack:4512]
7f75d1552000-7f75d1568000 rw-p 00000000 00:00 0 
7f75d1568000-7f75d1570000 rw-s 00000000 08:08 2638621                    /tmp/hsperfdata_ahmad/4505
7f75d1570000-7f75d1571000 rw-p 00000000 00:00 0 
7f75d1571000-7f75d1572000 r--p 00000000 00:00 0 
7f75d1572000-7f75d1574000 rw-p 00000000 00:00 0 
7f75d1574000-7f75d1575000 r--p 00022000 08:08 1047544                    /lib/x86_64-linux-gnu/ld-2.19.so
7f75d1575000-7f75d1576000 rw-p 00023000 08:08 1047544                    /lib/x86_64-linux-gnu/ld-2.19.so
7f75d1576000-7f75d1577000 rw-p 00000000 00:00 0 
7fff83536000-7fff83557000 rw-p 00000000 00:00 0                          [stack]
7fff835fe000-7fff83600000 r-xp 00000000 00:00 0                          [vdso]
ffffffffff600000-ffffffffff601000 r-xp 00000000 00:00 0                  [vsyscall]

VM Arguments:
jvm_args: -Djava.awt.headless=true -Xmx1024M -Dfile.encoding=UTF-8 -Duser.country=US -Duser.language=en -Duser.variant 
java_command: com.android.dx.command.Main --dex --num-threads=4 --output /home/ahmad/AndroidStudioProjects/WiFiChat3/app/build/intermediates/pre-dexed/debug/com.android.support-design-23.1.1_de6fd7e0348f1e5dc4720c24e0586d005be106d8.jar /home/ahmad/AndroidStudioProjects/WiFiChat3/app/build/intermediates/exploded-aar/com.android.support/design/23.1.1/jars/classes.jar
java_class_path (initial): /home/ahmad/Sdk/build-tools/23.0.2/lib/dx.jar
Launcher Type: SUN_STANDARD

Environment Variables:
PATH=/usr/local/sbin:/usr/local/bin:/usr/sbin:/usr/bin:/sbin:/bin:/usr/games:/usr/local/games
USERNAME=ahmad
LD_LIBRARY_PATH=/home/ahmad/android-studio/bin:
SHELL=/bin/bash
DISPLAY=:0

Signal Handlers:
SIGSEGV: [libjvm.so+0xaba070], sa_mask[0]=11111111011111111101111111111110, sa_flags=SA_RESTART|SA_SIGINFO
SIGBUS: [libjvm.so+0xaba070], sa_mask[0]=11111111011111111101111111111110, sa_flags=SA_RESTART|SA_SIGINFO
SIGFPE: [libjvm.so+0x917630], sa_mask[0]=11111111011111111101111111111110, sa_flags=SA_RESTART|SA_SIGINFO
SIGPIPE: [libjvm.so+0x917630], sa_mask[0]=11111111011111111101111111111110, sa_flags=SA_RESTART|SA_SIGINFO
SIGXFSZ: [libjvm.so+0x917630], sa_mask[0]=11111111011111111101111111111110, sa_flags=SA_RESTART|SA_SIGINFO
SIGILL: [libjvm.so+0x917630], sa_mask[0]=11111111011111111101111111111110, sa_flags=SA_RESTART|SA_SIGINFO
SIGUSR1: SIG_DFL, sa_mask[0]=00000000000000000000000000000000, sa_flags=none
SIGUSR2: [libjvm.so+0x918c60], sa_mask[0]=00100000000000000000000000000000, sa_flags=SA_RESTART|SA_SIGINFO
SIGHUP: [libjvm.so+0x91a060], sa_mask[0]=11111111011111111101111111111110, sa_flags=SA_RESTART|SA_SIGINFO
SIGINT: [libjvm.so+0x91a060], sa_mask[0]=11111111011111111101111111111110, sa_flags=SA_RESTART|SA_SIGINFO
SIGTERM: [libjvm.so+0x91a060], sa_mask[0]=11111111011111111101111111111110, sa_flags=SA_RESTART|SA_SIGINFO
SIGQUIT: [libjvm.so+0x91a060], sa_mask[0]=11111111011111111101111111111110, sa_flags=SA_RESTART|SA_SIGINFO


---------------  S Y S T E M  ---------------

OS:DISTRIB_ID=LinuxMint
DISTRIB_RELEASE=17.1
DISTRIB_CODENAME=rebecca
DISTRIB_DESCRIPTION="Linux Mint 17.1 Rebecca"

uname:Linux 3.13.0-37-generic #64-Ubuntu SMP Mon Sep 22 21:28:38 UTC 2014 x86_64
libc:glibc 2.19 NPTL 2.19 
rlimit: STACK 8192k, CORE 0k, NPROC 46733, NOFILE 4096, AS infinity
load average:2,62 1,69 1,48

/proc/meminfo:
MemTotal:        6012592 kB
MemFree:          321924 kB
Buffers:          168524 kB
Cached:          1467472 kB
SwapCached:            0 kB
Active:          4344960 kB
Inactive:        1039204 kB
Active(anon):    3749496 kB
Inactive(anon):    49844 kB
Active(file):     595464 kB
Inactive(file):   989360 kB
Unevictable:          56 kB
Mlocked:              56 kB
SwapTotal:       7811068 kB
SwapFree:        7811068 kB
Dirty:             40544 kB
Writeback:             0 kB
AnonPages:       3748176 kB
Mapped:           292752 kB
Shmem:             51176 kB
Slab:             156288 kB
SReclaimable:     121108 kB
SUnreclaim:        35180 kB
KernelStack:        5928 kB
PageTables:        35348 kB
NFS_Unstable:          0 kB
Bounce:                0 kB
WritebackTmp:          0 kB
CommitLimit:    10817364 kB
Committed_AS:    7136816 kB
VmallocTotal:   34359738367 kB
VmallocUsed:      392660 kB
VmallocChunk:   34359341052 kB
HardwareCorrupted:     0 kB
AnonHugePages:   2220032 kB
HugePages_Total:       0
HugePages_Free:        0
HugePages_Rsvd:        0
HugePages_Surp:        0
Hugepagesize:       2048 kB
DirectMap4k:      147848 kB
DirectMap2M:     6045696 kB


CPU:total 4 (2 cores per cpu, 2 threads per core) family 6 model 42 stepping 7, cmov, cx8, fxsr, mmx, sse, sse2, sse3, ssse3, sse4.1, sse4.2, popcnt, avx, clmul, ht, tsc, tscinvbit

/proc/cpuinfo:
processor	: 0
vendor_id	: GenuineIntel
cpu family	: 6
model		: 42
model name	: Intel(R) Core(TM) i3-2350M CPU @ 2.30GHz
stepping	: 7
microcode	: 0x25
cpu MHz		: 2300.000
cache size	: 3072 KB
physical id	: 0
siblings	: 4
core id		: 0
cpu cores	: 2
apicid		: 0
initial apicid	: 0
fpu		: yes
fpu_exception	: yes
cpuid level	: 13
wp		: yes
flags		: fpu vme de pse tsc msr pae mce cx8 apic sep mtrr pge mca cmov pat pse36 clflush dts acpi mmx fxsr sse sse2 ss ht tm pbe syscall nx rdtscp lm constant_tsc arch_perfmon pebs bts rep_good nopl xtopology nonstop_tsc aperfmperf eagerfpu pni pclmulqdq dtes64 monitor ds_cpl vmx est tm2 ssse3 cx16 xtpr pdcm pcid sse4_1 sse4_2 x2apic popcnt tsc_deadline_timer xsave avx lahf_lm arat epb xsaveopt pln pts dtherm tpr_shadow vnmi flexpriority ept vpid
bogomips	: 4589.97
clflush size	: 64
cache_alignment	: 64
address sizes	: 36 bits physical, 48 bits virtual
power management:

processor	: 1
vendor_id	: GenuineIntel
cpu family	: 6
model		: 42
model name	: Intel(R) Core(TM) i3-2350M CPU @ 2.30GHz
stepping	: 7
microcode	: 0x25
cpu MHz		: 2300.000
cache size	: 3072 KB
physical id	: 0
siblings	: 4
core id		: 1
cpu cores	: 2
apicid		: 2
initial apicid	: 2
fpu		: yes
fpu_exception	: yes
cpuid level	: 13
wp		: yes
flags		: fpu vme de pse tsc msr pae mce cx8 apic sep mtrr pge mca cmov pat pse36 clflush dts acpi mmx fxsr sse sse2 ss ht tm pbe syscall nx rdtscp lm constant_tsc arch_perfmon pebs bts rep_good nopl xtopology nonstop_tsc aperfmperf eagerfpu pni pclmulqdq dtes64 monitor ds_cpl vmx est tm2 ssse3 cx16 xtpr pdcm pcid sse4_1 sse4_2 x2apic popcnt tsc_deadline_timer xsave avx lahf_lm arat epb xsaveopt pln pts dtherm tpr_shadow vnmi flexpriority ept vpid
bogomips	: 4589.97
clflush size	: 64
cache_alignment	: 64
address sizes	: 36 bits physical, 48 bits virtual
power management:

processor	: 2
vendor_id	: GenuineIntel
cpu family	: 6
model		: 42
model name	: Intel(R) Core(TM) i3-2350M CPU @ 2.30GHz
stepping	: 7
microcode	: 0x25
cpu MHz		: 2300.000
cache size	: 3072 KB
physical id	: 0
siblings	: 4
core id		: 0
cpu cores	: 2
apicid		: 1
initial apicid	: 1
fpu		: yes
fpu_exception	: yes
cpuid level	: 13
wp		: yes
flags		: fpu vme de pse tsc msr pae mce cx8 apic sep mtrr pge mca cmov pat pse36 clflush dts acpi mmx fxsr sse sse2 ss ht tm pbe syscall nx rdtscp lm constant_tsc arch_perfmon pebs bts rep_good nopl xtopology nonstop_tsc aperfmperf eagerfpu pni pclmulqdq dtes64 monitor ds_cpl vmx est tm2 ssse3 cx16 xtpr pdcm pcid sse4_1 sse4_2 x2apic popcnt tsc_deadline_timer xsave avx lahf_lm arat epb xsaveopt pln pts dtherm tpr_shadow vnmi flexpriority ept vpid
bogomips	: 4589.97
clflush size	: 64
cache_alignment	: 64
address sizes	: 36 bits physical, 48 bits virtual
power management:

processor	: 3
vendor_id	: GenuineIntel
cpu family	: 6
model		: 42
model name	: Intel(R) Core(TM) i3-2350M CPU @ 2.30GHz
stepping	: 7
microcode	: 0x25
cpu MHz		: 2300.000
cache size	: 3072 KB
physical id	: 0
siblings	: 4
core id		: 1
cpu cores	: 2
apicid		: 3
initial apicid	: 3
fpu		: yes
fpu_exception	: yes
cpuid level	: 13
wp		: yes
flags		: fpu vme de pse tsc msr pae mce cx8 apic sep mtrr pge mca cmov pat pse36 clflush dts acpi mmx fxsr sse sse2 ss ht tm pbe syscall nx rdtscp lm constant_tsc arch_perfmon pebs bts rep_good nopl xtopology nonstop_tsc aperfmperf eagerfpu pni pclmulqdq dtes64 monitor ds_cpl vmx est tm2 ssse3 cx16 xtpr pdcm pcid sse4_1 sse4_2 x2apic popcnt tsc_deadline_timer xsave avx lahf_lm arat epb xsaveopt pln pts dtherm tpr_shadow vnmi flexpriority ept vpid
bogomips	: 4589.97
clflush size	: 64
cache_alignment	: 64
address sizes	: 36 bits physical, 48 bits virtual
power management:



Memory: 4k page, physical 6012592k(321924k free), swap 7811068k(7811068k free)

vm_info: Java HotSpot(TM) 64-Bit Server VM (25.60-b23) for linux-amd64 JRE (1.8.0_60-b27), built on Aug  4 2015 12:19:40 by "java_re" with gcc 4.3.0 20080428 (Red Hat 4.3.0-8)

time: Fri Jan  1 11:15:03 2016
elapsed time: 5 seconds (0d 0h 0m 5s)

